<?xml version="1.0" encoding="UTF-8"?>
<testsuite xmlns:xsi="http://www.w3.org/2001/XMLSchema-instance" xsi:noNamespaceSchemaLocation="https://maven.apache.org/surefire/maven-surefire-plugin/xsd/surefire-test-report-3.0.xsd" version="3.0" name="com.omrbranch.runner.TestRunnerClass" time="56.629" tests="12" errors="0" skipped="0" failures="0">
  <properties>
[...]
</properties>
  <testcase name="User is on the OMR Branch hotel page" classname="Verify login with valid credentials without Enter Key" time="0.014">
    <system-out><![CDATA[
@Login
Scenario Outline: Verify login with valid credentials without Enter Key # src/test/resources/features/login/TC001_Login.feature:15
09:37:11 INFO  BaseClass - Config.properties loaded successfully from: C:\Users\Admin\eclipse-workspace\OmrBranchHotelProject_PrakashSK\src\test\resources\config\Config.properties
09:37:11 INFO  HooksClass - ==============================================
09:37:11 INFO  HooksClass - Scenario Started : Verify login with valid credentials without Enter Key
09:37:11 INFO  HooksClass - ==============================================
09:37:11 INFO  HooksClass - Launching browser
09:37:11 INFO  BaseClass - Launching browser: CHROME
09:37:14 INFO  BaseClass - Browser launched successfully | Browser=CHROME | ImplicitWait=25s
09:37:14 INFO  HooksClass - Entering application URL
09:37:14 INFO  BaseClass - Navigating to URL (QA) : https://www.omrbranch.com/
]]></system-out>
  </testcase>
  <testcase name="User enters &quot;prakashkathirvel10@gmail.com&quot; and &quot;Ready@123&quot;" classname="Verify login with valid credentials without Enter Key" time="4.801">
    <system-out><![CDATA[  Given User is on the OMR Branch hotel page                            # com.omrbranch.stepdefinition.TC001_LoginStep.userIsOnTheOMRBranchHotelPage()
09:37:16 INFO  PageObjectManager - Initializing LoginPage...
]]></system-out>
  </testcase>
  <testcase name="User should verify success message after login &quot;Welcome Prakash&quot;" classname="Verify login with valid credentials without Enter Key" time="2.558">
    <system-out><![CDATA[  When User enters "prakashkathirvel10@gmail.com" and "Ready@123"       # com.omrbranch.stepdefinition.TC001_LoginStep.userEntersAnd(java.lang.String,java.lang.String)
09:37:20 INFO  PageObjectManager - Initializing ExploreHotelPage...
]]></system-out>
  </testcase>
  <testcase name="" classname="Verify login with valid credentials without Enter Key" time="3.215">
    <system-out><![CDATA[  Then User should verify success message after login "Welcome Prakash" # com.omrbranch.stepdefinition.TC001_LoginStep.userShouldVerifySuccessMessageAfterLogin(java.lang.String)
09:37:23 INFO  HooksClass - Scenario Passed : Verify login with valid credentials without Enter Key
09:37:23 INFO  HooksClass - Capturing screenshot

    Embedding screenshot [image/png 68760 bytes]

09:37:23 INFO  HooksClass - Closing browser
09:37:23 INFO  BaseClass - Quitting browser session
09:37:24 INFO  HooksClass - ==============================================
09:37:24 INFO  HooksClass - Scenario Ended : Verify login with valid credentials without Enter Key
09:37:24 INFO  HooksClass - ==============================================
]]></system-out>
  </testcase>
  <testcase name="User is on the OMR Branch hotel page" classname="Verify login with valid credentials using Enter Key via Robot Class" time="0.001">
    <system-out><![CDATA[
@Login
Scenario Outline: Verify login with valid credentials using Enter Key via Robot Class # src/test/resources/features/login/TC001_Login.feature:23
09:37:24 INFO  HooksClass - ==============================================
09:37:24 INFO  HooksClass - Scenario Started : Verify login with valid credentials using Enter Key via Robot Class
09:37:24 INFO  HooksClass - ==============================================
09:37:24 INFO  HooksClass - Launching browser
09:37:24 INFO  BaseClass - Launching browser: CHROME
09:37:26 INFO  BaseClass - Browser launched successfully | Browser=CHROME | ImplicitWait=25s
09:37:26 INFO  HooksClass - Entering application URL
09:37:26 INFO  BaseClass - Navigating to URL (QA) : https://www.omrbranch.com/
]]></system-out>
  </testcase>
  <testcase name="User enters &quot;prakashkathirvel10@gmail.com&quot; and &quot;Ready@123&quot; with enter key" classname="Verify login with valid credentials using Enter Key via Robot Class" time="3.974">
    <system-out><![CDATA[  Given User is on the OMR Branch hotel page                                          # com.omrbranch.stepdefinition.TC001_LoginStep.userIsOnTheOMRBranchHotelPage()
09:37:28 INFO  PageObjectManager - Initializing LoginPage...
09:37:29 INFO  PageObjectManager - Initializing ExploreHotelPage...
]]></system-out>
  </testcase>
  <testcase name="User should verify success message after login &quot;Welcome Prakash&quot;" classname="Verify login with valid credentials using Enter Key via Robot Class" time="0.16">
    <system-out><![CDATA[  When User enters "prakashkathirvel10@gmail.com" and "Ready@123" with enter key      # com.omrbranch.stepdefinition.TC001_LoginStep.userEntersAndWithEnterKey(java.lang.String,java.lang.String)
]]></system-out>
  </testcase>
  <testcase name="" classname="Verify login with valid credentials using Enter Key via Robot Class" time="1.236">
    <system-out><![CDATA[  Then User should verify success message after login "Welcome Prakash"               # com.omrbranch.stepdefinition.TC001_LoginStep.userShouldVerifySuccessMessageAfterLogin(java.lang.String)
09:37:32 INFO  HooksClass - Scenario Passed : Verify login with valid credentials using Enter Key via Robot Class
09:37:32 INFO  HooksClass - Capturing screenshot

    Embedding screenshot [image/png 68760 bytes]

09:37:32 INFO  HooksClass - Closing browser
09:37:32 INFO  BaseClass - Quitting browser session
09:37:33 INFO  HooksClass - ==============================================
09:37:33 INFO  HooksClass - Scenario Ended : Verify login with valid credentials using Enter Key via Robot Class
09:37:33 INFO  HooksClass - ==============================================
]]></system-out>
  </testcase>
  <testcase name="User is on the OMR Branch hotel page" classname="Verify login with invalid credentials" time="0.0">
    <system-out><![CDATA[
@Login
Scenario Outline: Verify login with invalid credentials                                                          # src/test/resources/features/login/TC001_Login.feature:31
09:37:33 INFO  HooksClass - ==============================================
09:37:33 INFO  HooksClass - Scenario Started : Verify login with invalid credentials
09:37:33 INFO  HooksClass - ==============================================
09:37:33 INFO  HooksClass - Launching browser
09:37:33 INFO  BaseClass - Launching browser: CHROME
09:37:35 INFO  BaseClass - Browser launched successfully | Browser=CHROME | ImplicitWait=25s
09:37:35 INFO  HooksClass - Entering application URL
09:37:35 INFO  BaseClass - Navigating to URL (QA) : https://www.omrbranch.com/
]]></system-out>
  </testcase>
  <testcase name="User enters &quot;prakashkathirvel10@gmail.com&quot; and &quot;HeLLo@202156&quot;" classname="Verify login with invalid credentials" time="1.591">
    <system-out><![CDATA[  Given User is on the OMR Branch hotel page                                                                     # com.omrbranch.stepdefinition.TC001_LoginStep.userIsOnTheOMRBranchHotelPage()
09:37:37 INFO  PageObjectManager - Initializing LoginPage...
]]></system-out>
  </testcase>
  <testcase name="User should verify error message after login &quot;Invalid Login details or Your Password might have expired.&quot;" classname="Verify login with invalid credentials" time="0.886">
    <system-out><![CDATA[  When User enters "prakashkathirvel10@gmail.com" and "HeLLo@202156"                                             # com.omrbranch.stepdefinition.TC001_LoginStep.userEntersAnd(java.lang.String,java.lang.String)
]]></system-out>
  </testcase>
  <testcase name="" classname="Verify login with invalid credentials" time="1.61">
    <system-out><![CDATA[  Then User should verify error message after login "Invalid Login details or Your Password might have expired." # com.omrbranch.stepdefinition.TC001_LoginStep.userShouldVerifyErrorMessageAfterLogin(java.lang.String)
09:37:39 INFO  HooksClass - Scenario Passed : Verify login with invalid credentials
09:37:39 INFO  HooksClass - Capturing screenshot

    Embedding screenshot [image/png 535266 bytes]

09:37:40 INFO  HooksClass - Closing browser
09:37:40 INFO  BaseClass - Quitting browser session
09:37:40 INFO  HooksClass - ==============================================
09:37:40 INFO  HooksClass - Scenario Ended : Verify login with invalid credentials
09:37:40 INFO  HooksClass - ==============================================
]]></system-out>
  </testcase>
</testsuite>