<?xml version="1.0" encoding="UTF-8"?>
<testsuite xmlns:xsi="http://www.w3.org/2001/XMLSchema-instance" xsi:noNamespaceSchemaLocation="https://maven.apache.org/surefire/maven-surefire-plugin/xsd/surefire-test-report-3.0.xsd" version="3.0" name="com.omrbranch.runner.TestRunnerClass" time="29.749" tests="12" errors="3" skipped="9" failures="0">
  <properties>
[...]
</properties>
  <testcase name="User is on the OMR Branch hotel page" classname="Verify login with valid credentials without Enter Key" time="0.0">
    <skipped message="This step is skipped"/>
    <system-out><![CDATA[
@Login
Scenario Outline: Verify login with valid credentials without Enter Key # src/test/resources/features/login/TC001_Login.feature:15
17:05:48 INFO  BaseClass - Config.properties loaded successfully from: C:\Users\Admin\eclipse-workspace\OmrBranchHotelProject_PrakashSK\src\test\resources\config\Config.properties
17:05:48 INFO  HooksClass - ==============================================
17:05:48 INFO  HooksClass - Scenario Started : Verify login with valid credentials without Enter Key
17:05:48 INFO  HooksClass - ==============================================
17:05:48 INFO  HooksClass - Launching browser
17:05:48 INFO  BaseClass - Launching browser: CHROME
17:05:51 INFO  BaseClass - Browser launched successfully | Browser=CHROME | ImplicitWait=15s
17:05:51 INFO  HooksClass - Entering application URL
17:05:51 INFO  BaseClass - Navigating to URL (UAT) : https://uat.omrbranch.com/
      org.openqa.selenium.WebDriverException: unknown error: net::ERR_NAME_NOT_RESOLVED
        (Session info: chrome=143.0.7499.170)
      Build info: version: '4.39.0', revision: '126f156aee'
      System info: os.name: 'Windows 10', os.arch: 'amd64', os.version: '10.0', java.version: '21.0.8'
      Driver info: org.openqa.selenium.chrome.ChromeDriver
      Command: [5a41adcbdbbaa764b4a1feb34cf40743, get {url=https://uat.omrbranch.com/}]
      Capabilities {acceptInsecureCerts: false, browserName: chrome, browserVersion: 143.0.7499.170, chrome: {chromedriverVersion: 143.0.7499.169 (164b20aab62..., userDataDir: C:\Users\Admin\AppData\Loca...}, fedcm:accounts: true, goog:chromeOptions: {debuggerAddress: localhost:59825}, goog:processID: 5256, networkConnectionEnabled: false, pageLoadStrategy: normal, platformName: windows, proxy: Proxy(), se:cdp: ws://localhost:59825/devtoo..., se:cdpVersion: 143.0.7499.170, setWindowRect: true, strictFileInteractability: false, timeouts: {implicit: 0, pageLoad: 300000, script: 30000}, unhandledPromptBehavior: dismiss and notify, webauthn:extension:credBlob: true, webauthn:extension:largeBlob: true, webauthn:extension:minPinLength: true, webauthn:extension:prf: true, webauthn:virtualAuthenticators: true}
      Session ID: 5a41adcbdbbaa764b4a1feb34cf40743
      	at java.base/jdk.internal.reflect.DirectConstructorHandleAccessor.newInstance(DirectConstructorHandleAccessor.java:62)
      	at java.base/java.lang.reflect.Constructor.newInstanceWithCaller(Constructor.java:502)
      	at java.base/java.lang.reflect.Constructor.newInstance(Constructor.java:486)
      	at org.openqa.selenium.remote.ErrorCodec.decode(ErrorCodec.java:167)
      	at org.openqa.selenium.remote.codec.w3c.W3CHttpResponseCodec.decode(W3CHttpResponseCodec.java:142)
      	at org.openqa.selenium.remote.codec.w3c.W3CHttpResponseCodec.decode(W3CHttpResponseCodec.java:49)
      	at org.openqa.selenium.remote.HttpCommandExecutor.execute(HttpCommandExecutor.java:215)
      	at org.openqa.selenium.remote.service.DriverCommandExecutor.invokeExecute(DriverCommandExecutor.java:216)
      	at org.openqa.selenium.remote.service.DriverCommandExecutor.execute(DriverCommandExecutor.java:174)
      	at org.openqa.selenium.remote.RemoteWebDriver.execute(RemoteWebDriver.java:561)
      	at org.openqa.selenium.remote.RemoteWebDriver.get(RemoteWebDriver.java:329)
      	at com.omrbranch.utility.BaseClass.enterApplnUrl(BaseClass.java:252)
      	at com.omrbranch.hooks.HooksClass.beforeScenario(HooksClass.java:26)
]]></system-out>
  </testcase>
  <testcase name="User enters &quot;prakashkathirvel10@gmail.com&quot; and &quot;Ready@123&quot;" classname="Verify login with valid credentials without Enter Key" time="0.0">
    <skipped message="This step is skipped"/>
    <system-out><![CDATA[  Given User is on the OMR Branch hotel page                            # com.omrbranch.stepdefinition.TC001_LoginStep.userIsOnTheOMRBranchHotelPage()
]]></system-out>
  </testcase>
  <testcase name="User should verify success message after login &quot;Welcome Prakash&quot;" classname="Verify login with valid credentials without Enter Key" time="0.0">
    <skipped message="This step is skipped"/>
    <system-out><![CDATA[  When User enters "prakashkathirvel10@gmail.com" and "Ready@123"       # com.omrbranch.stepdefinition.TC001_LoginStep.userEntersAnd(java.lang.String,java.lang.String)
]]></system-out>
  </testcase>
  <testcase name="" classname="Verify login with valid credentials without Enter Key" time="0.445">
    <error message="unknown error: net::ERR_NAME_NOT_RESOLVED&#10;  (Session info: chrome=143.0.7499.170)&#10;Build info: version: &apos;4.39.0&apos;, revision: &apos;126f156aee&apos;&#10;System info: os.name: &apos;Windows 10&apos;, os.arch: &apos;amd64&apos;, os.version: &apos;10.0&apos;, java.version: &apos;21.0.8&apos;&#10;Driver info: org.openqa.selenium.chrome.ChromeDriver&#10;Command: [5a41adcbdbbaa764b4a1feb34cf40743, get {url=https://uat.omrbranch.com/}]&#10;Capabilities {acceptInsecureCerts: false, browserName: chrome, browserVersion: 143.0.7499.170, chrome: {chromedriverVersion: 143.0.7499.169 (164b20aab62..., userDataDir: C:\Users\Admin\AppData\Loca...}, fedcm:accounts: true, goog:chromeOptions: {debuggerAddress: localhost:59825}, goog:processID: 5256, networkConnectionEnabled: false, pageLoadStrategy: normal, platformName: windows, proxy: Proxy(), se:cdp: ws://localhost:59825/devtoo..., se:cdpVersion: 143.0.7499.170, setWindowRect: true, strictFileInteractability: false, timeouts: {implicit: 0, pageLoad: 300000, script: 30000}, unhandledPromptBehavior: dismiss and notify, webauthn:extension:credBlob: true, webauthn:extension:largeBlob: true, webauthn:extension:minPinLength: true, webauthn:extension:prf: true, webauthn:virtualAuthenticators: true}&#10;Session ID: 5a41adcbdbbaa764b4a1feb34cf40743" type="org.openqa.selenium.WebDriverException"><![CDATA[org.openqa.selenium.WebDriverException: 
unknown error: net::ERR_NAME_NOT_RESOLVED
  (Session info: chrome=143.0.7499.170)
Build info: version: '4.39.0', revision: '126f156aee'
System info: os.name: 'Windows 10', os.arch: 'amd64', os.version: '10.0', java.version: '21.0.8'
Driver info: org.openqa.selenium.chrome.ChromeDriver
Command: [5a41adcbdbbaa764b4a1feb34cf40743, get {url=https://uat.omrbranch.com/}]
Capabilities {acceptInsecureCerts: false, browserName: chrome, browserVersion: 143.0.7499.170, chrome: {chromedriverVersion: 143.0.7499.169 (164b20aab62..., userDataDir: C:\Users\Admin\AppData\Loca...}, fedcm:accounts: true, goog:chromeOptions: {debuggerAddress: localhost:59825}, goog:processID: 5256, networkConnectionEnabled: false, pageLoadStrategy: normal, platformName: windows, proxy: Proxy(), se:cdp: ws://localhost:59825/devtoo..., se:cdpVersion: 143.0.7499.170, setWindowRect: true, strictFileInteractability: false, timeouts: {implicit: 0, pageLoad: 300000, script: 30000}, unhandledPromptBehavior: dismiss and notify, webauthn:extension:credBlob: true, webauthn:extension:largeBlob: true, webauthn:extension:minPinLength: true, webauthn:extension:prf: true, webauthn:virtualAuthenticators: true}
Session ID: 5a41adcbdbbaa764b4a1feb34cf40743
	at java.base/jdk.internal.reflect.DirectConstructorHandleAccessor.newInstance(DirectConstructorHandleAccessor.java:62)
	at java.base/java.lang.reflect.Constructor.newInstanceWithCaller(Constructor.java:502)
	at java.base/java.lang.reflect.Constructor.newInstance(Constructor.java:486)
	at org.openqa.selenium.remote.ErrorCodec.decode(ErrorCodec.java:167)
	at org.openqa.selenium.remote.codec.w3c.W3CHttpResponseCodec.decode(W3CHttpResponseCodec.java:142)
	at org.openqa.selenium.remote.codec.w3c.W3CHttpResponseCodec.decode(W3CHttpResponseCodec.java:49)
	at org.openqa.selenium.remote.HttpCommandExecutor.execute(HttpCommandExecutor.java:215)
	at org.openqa.selenium.remote.service.DriverCommandExecutor.invokeExecute(DriverCommandExecutor.java:216)
	at org.openqa.selenium.remote.service.DriverCommandExecutor.execute(DriverCommandExecutor.java:174)
	at org.openqa.selenium.remote.RemoteWebDriver.execute(RemoteWebDriver.java:561)
	at org.openqa.selenium.remote.RemoteWebDriver.get(RemoteWebDriver.java:329)
	at com.omrbranch.utility.BaseClass.enterApplnUrl(BaseClass.java:252)
	at com.omrbranch.hooks.HooksClass.beforeScenario(HooksClass.java:26)
]]></error>
    <system-out><![CDATA[  Then User should verify success message after login "Welcome Prakash" # com.omrbranch.stepdefinition.TC001_LoginStep.userShouldVerifySuccessMessageAfterLogin(java.lang.String)
17:05:59 ERROR HooksClass - Scenario Failed : Verify login with valid credentials without Enter Key
17:05:59 INFO  HooksClass - Capturing screenshot

    Embedding screenshot [image/png 16213 bytes]

17:05:59 INFO  HooksClass - Closing browser
17:05:59 INFO  BaseClass - Quitting browser session
17:06:00 INFO  HooksClass - ==============================================
17:06:00 INFO  HooksClass - Scenario Ended : Verify login with valid credentials without Enter Key
17:06:00 INFO  HooksClass - ==============================================
]]></system-out>
  </testcase>
  <testcase name="User is on the OMR Branch hotel page" classname="Verify login with valid credentials using Enter Key via Robot Class" time="0.0">
    <skipped message="This step is skipped"/>
    <system-out><![CDATA[
@Login
Scenario Outline: Verify login with valid credentials using Enter Key via Robot Class # src/test/resources/features/login/TC001_Login.feature:23
17:06:00 INFO  HooksClass - ==============================================
17:06:00 INFO  HooksClass - Scenario Started : Verify login with valid credentials using Enter Key via Robot Class
17:06:00 INFO  HooksClass - ==============================================
17:06:00 INFO  HooksClass - Launching browser
17:06:00 INFO  BaseClass - Launching browser: CHROME
17:06:01 INFO  BaseClass - Browser launched successfully | Browser=CHROME | ImplicitWait=15s
17:06:01 INFO  HooksClass - Entering application URL
17:06:01 INFO  BaseClass - Navigating to URL (UAT) : https://uat.omrbranch.com/
      org.openqa.selenium.WebDriverException: unknown error: net::ERR_NAME_NOT_RESOLVED
        (Session info: chrome=143.0.7499.170)
      Build info: version: '4.39.0', revision: '126f156aee'
      System info: os.name: 'Windows 10', os.arch: 'amd64', os.version: '10.0', java.version: '21.0.8'
      Driver info: org.openqa.selenium.chrome.ChromeDriver
      Command: [389127f278e2af700c9e06e0599aa727, get {url=https://uat.omrbranch.com/}]
      Capabilities {acceptInsecureCerts: false, browserName: chrome, browserVersion: 143.0.7499.170, chrome: {chromedriverVersion: 143.0.7499.169 (164b20aab62..., userDataDir: C:\Users\Admin\AppData\Loca...}, fedcm:accounts: true, goog:chromeOptions: {debuggerAddress: localhost:59844}, goog:processID: 9156, networkConnectionEnabled: false, pageLoadStrategy: normal, platformName: windows, proxy: Proxy(), se:cdp: ws://localhost:59844/devtoo..., se:cdpVersion: 143.0.7499.170, setWindowRect: true, strictFileInteractability: false, timeouts: {implicit: 0, pageLoad: 300000, script: 30000}, unhandledPromptBehavior: dismiss and notify, webauthn:extension:credBlob: true, webauthn:extension:largeBlob: true, webauthn:extension:minPinLength: true, webauthn:extension:prf: true, webauthn:virtualAuthenticators: true}
      Session ID: 389127f278e2af700c9e06e0599aa727
      	at java.base/jdk.internal.reflect.DirectConstructorHandleAccessor.newInstance(DirectConstructorHandleAccessor.java:62)
      	at java.base/java.lang.reflect.Constructor.newInstanceWithCaller(Constructor.java:502)
      	at java.base/java.lang.reflect.Constructor.newInstance(Constructor.java:486)
      	at org.openqa.selenium.remote.ErrorCodec.decode(ErrorCodec.java:167)
      	at org.openqa.selenium.remote.codec.w3c.W3CHttpResponseCodec.decode(W3CHttpResponseCodec.java:142)
      	at org.openqa.selenium.remote.codec.w3c.W3CHttpResponseCodec.decode(W3CHttpResponseCodec.java:49)
      	at org.openqa.selenium.remote.HttpCommandExecutor.execute(HttpCommandExecutor.java:215)
      	at org.openqa.selenium.remote.service.DriverCommandExecutor.invokeExecute(DriverCommandExecutor.java:216)
      	at org.openqa.selenium.remote.service.DriverCommandExecutor.execute(DriverCommandExecutor.java:174)
      	at org.openqa.selenium.remote.RemoteWebDriver.execute(RemoteWebDriver.java:561)
      	at org.openqa.selenium.remote.RemoteWebDriver.get(RemoteWebDriver.java:329)
      	at com.omrbranch.utility.BaseClass.enterApplnUrl(BaseClass.java:252)
      	at com.omrbranch.hooks.HooksClass.beforeScenario(HooksClass.java:26)
]]></system-out>
  </testcase>
  <testcase name="User enters &quot;prakashkathirvel10@gmail.com&quot; and &quot;Ready@123&quot; with enter key" classname="Verify login with valid credentials using Enter Key via Robot Class" time="0.0">
    <skipped message="This step is skipped"/>
    <system-out><![CDATA[  Given User is on the OMR Branch hotel page                                          # com.omrbranch.stepdefinition.TC001_LoginStep.userIsOnTheOMRBranchHotelPage()
]]></system-out>
  </testcase>
  <testcase name="User should verify success message after login &quot;Welcome Prakash&quot;" classname="Verify login with valid credentials using Enter Key via Robot Class" time="0.0">
    <skipped message="This step is skipped"/>
    <system-out><![CDATA[  When User enters "prakashkathirvel10@gmail.com" and "Ready@123" with enter key      # com.omrbranch.stepdefinition.TC001_LoginStep.userEntersAndWithEnterKey(java.lang.String,java.lang.String)
]]></system-out>
  </testcase>
  <testcase name="" classname="Verify login with valid credentials using Enter Key via Robot Class" time="0.391">
    <error message="unknown error: net::ERR_NAME_NOT_RESOLVED&#10;  (Session info: chrome=143.0.7499.170)&#10;Build info: version: &apos;4.39.0&apos;, revision: &apos;126f156aee&apos;&#10;System info: os.name: &apos;Windows 10&apos;, os.arch: &apos;amd64&apos;, os.version: &apos;10.0&apos;, java.version: &apos;21.0.8&apos;&#10;Driver info: org.openqa.selenium.chrome.ChromeDriver&#10;Command: [389127f278e2af700c9e06e0599aa727, get {url=https://uat.omrbranch.com/}]&#10;Capabilities {acceptInsecureCerts: false, browserName: chrome, browserVersion: 143.0.7499.170, chrome: {chromedriverVersion: 143.0.7499.169 (164b20aab62..., userDataDir: C:\Users\Admin\AppData\Loca...}, fedcm:accounts: true, goog:chromeOptions: {debuggerAddress: localhost:59844}, goog:processID: 9156, networkConnectionEnabled: false, pageLoadStrategy: normal, platformName: windows, proxy: Proxy(), se:cdp: ws://localhost:59844/devtoo..., se:cdpVersion: 143.0.7499.170, setWindowRect: true, strictFileInteractability: false, timeouts: {implicit: 0, pageLoad: 300000, script: 30000}, unhandledPromptBehavior: dismiss and notify, webauthn:extension:credBlob: true, webauthn:extension:largeBlob: true, webauthn:extension:minPinLength: true, webauthn:extension:prf: true, webauthn:virtualAuthenticators: true}&#10;Session ID: 389127f278e2af700c9e06e0599aa727" type="org.openqa.selenium.WebDriverException"><![CDATA[org.openqa.selenium.WebDriverException: 
unknown error: net::ERR_NAME_NOT_RESOLVED
  (Session info: chrome=143.0.7499.170)
Build info: version: '4.39.0', revision: '126f156aee'
System info: os.name: 'Windows 10', os.arch: 'amd64', os.version: '10.0', java.version: '21.0.8'
Driver info: org.openqa.selenium.chrome.ChromeDriver
Command: [389127f278e2af700c9e06e0599aa727, get {url=https://uat.omrbranch.com/}]
Capabilities {acceptInsecureCerts: false, browserName: chrome, browserVersion: 143.0.7499.170, chrome: {chromedriverVersion: 143.0.7499.169 (164b20aab62..., userDataDir: C:\Users\Admin\AppData\Loca...}, fedcm:accounts: true, goog:chromeOptions: {debuggerAddress: localhost:59844}, goog:processID: 9156, networkConnectionEnabled: false, pageLoadStrategy: normal, platformName: windows, proxy: Proxy(), se:cdp: ws://localhost:59844/devtoo..., se:cdpVersion: 143.0.7499.170, setWindowRect: true, strictFileInteractability: false, timeouts: {implicit: 0, pageLoad: 300000, script: 30000}, unhandledPromptBehavior: dismiss and notify, webauthn:extension:credBlob: true, webauthn:extension:largeBlob: true, webauthn:extension:minPinLength: true, webauthn:extension:prf: true, webauthn:virtualAuthenticators: true}
Session ID: 389127f278e2af700c9e06e0599aa727
	at java.base/jdk.internal.reflect.DirectConstructorHandleAccessor.newInstance(DirectConstructorHandleAccessor.java:62)
	at java.base/java.lang.reflect.Constructor.newInstanceWithCaller(Constructor.java:502)
	at java.base/java.lang.reflect.Constructor.newInstance(Constructor.java:486)
	at org.openqa.selenium.remote.ErrorCodec.decode(ErrorCodec.java:167)
	at org.openqa.selenium.remote.codec.w3c.W3CHttpResponseCodec.decode(W3CHttpResponseCodec.java:142)
	at org.openqa.selenium.remote.codec.w3c.W3CHttpResponseCodec.decode(W3CHttpResponseCodec.java:49)
	at org.openqa.selenium.remote.HttpCommandExecutor.execute(HttpCommandExecutor.java:215)
	at org.openqa.selenium.remote.service.DriverCommandExecutor.invokeExecute(DriverCommandExecutor.java:216)
	at org.openqa.selenium.remote.service.DriverCommandExecutor.execute(DriverCommandExecutor.java:174)
	at org.openqa.selenium.remote.RemoteWebDriver.execute(RemoteWebDriver.java:561)
	at org.openqa.selenium.remote.RemoteWebDriver.get(RemoteWebDriver.java:329)
	at com.omrbranch.utility.BaseClass.enterApplnUrl(BaseClass.java:252)
	at com.omrbranch.hooks.HooksClass.beforeScenario(HooksClass.java:26)
]]></error>
    <system-out><![CDATA[  Then User should verify success message after login "Welcome Prakash"               # com.omrbranch.stepdefinition.TC001_LoginStep.userShouldVerifySuccessMessageAfterLogin(java.lang.String)
17:06:04 ERROR HooksClass - Scenario Failed : Verify login with valid credentials using Enter Key via Robot Class
17:06:04 INFO  HooksClass - Capturing screenshot

    Embedding screenshot [image/png 16213 bytes]

17:06:04 INFO  HooksClass - Closing browser
17:06:04 INFO  BaseClass - Quitting browser session
17:06:04 INFO  HooksClass - ==============================================
17:06:04 INFO  HooksClass - Scenario Ended : Verify login with valid credentials using Enter Key via Robot Class
17:06:04 INFO  HooksClass - ==============================================
]]></system-out>
  </testcase>
  <testcase name="User is on the OMR Branch hotel page" classname="Verify login with invalid credentials" time="0.0">
    <skipped message="This step is skipped"/>
    <system-out><![CDATA[
@Login
Scenario Outline: Verify login with invalid credentials                                                          # src/test/resources/features/login/TC001_Login.feature:31
17:06:04 INFO  HooksClass - ==============================================
17:06:04 INFO  HooksClass - Scenario Started : Verify login with invalid credentials
17:06:04 INFO  HooksClass - ==============================================
17:06:04 INFO  HooksClass - Launching browser
17:06:04 INFO  BaseClass - Launching browser: CHROME
17:06:05 INFO  BaseClass - Browser launched successfully | Browser=CHROME | ImplicitWait=15s
17:06:05 INFO  HooksClass - Entering application URL
17:06:05 INFO  BaseClass - Navigating to URL (UAT) : https://uat.omrbranch.com/
      org.openqa.selenium.WebDriverException: unknown error: net::ERR_NAME_NOT_RESOLVED
        (Session info: chrome=143.0.7499.170)
      Build info: version: '4.39.0', revision: '126f156aee'
      System info: os.name: 'Windows 10', os.arch: 'amd64', os.version: '10.0', java.version: '21.0.8'
      Driver info: org.openqa.selenium.chrome.ChromeDriver
      Command: [e38a385510e0c18a36de844500d0500d, get {url=https://uat.omrbranch.com/}]
      Capabilities {acceptInsecureCerts: false, browserName: chrome, browserVersion: 143.0.7499.170, chrome: {chromedriverVersion: 143.0.7499.169 (164b20aab62..., userDataDir: C:\Users\Admin\AppData\Loca...}, fedcm:accounts: true, goog:chromeOptions: {debuggerAddress: localhost:59861}, goog:processID: 13820, networkConnectionEnabled: false, pageLoadStrategy: normal, platformName: windows, proxy: Proxy(), se:cdp: ws://localhost:59861/devtoo..., se:cdpVersion: 143.0.7499.170, setWindowRect: true, strictFileInteractability: false, timeouts: {implicit: 0, pageLoad: 300000, script: 30000}, unhandledPromptBehavior: dismiss and notify, webauthn:extension:credBlob: true, webauthn:extension:largeBlob: true, webauthn:extension:minPinLength: true, webauthn:extension:prf: true, webauthn:virtualAuthenticators: true}
      Session ID: e38a385510e0c18a36de844500d0500d
      	at java.base/jdk.internal.reflect.DirectConstructorHandleAccessor.newInstance(DirectConstructorHandleAccessor.java:62)
      	at java.base/java.lang.reflect.Constructor.newInstanceWithCaller(Constructor.java:502)
      	at java.base/java.lang.reflect.Constructor.newInstance(Constructor.java:486)
      	at org.openqa.selenium.remote.ErrorCodec.decode(ErrorCodec.java:167)
      	at org.openqa.selenium.remote.codec.w3c.W3CHttpResponseCodec.decode(W3CHttpResponseCodec.java:142)
      	at org.openqa.selenium.remote.codec.w3c.W3CHttpResponseCodec.decode(W3CHttpResponseCodec.java:49)
      	at org.openqa.selenium.remote.HttpCommandExecutor.execute(HttpCommandExecutor.java:215)
      	at org.openqa.selenium.remote.service.DriverCommandExecutor.invokeExecute(DriverCommandExecutor.java:216)
      	at org.openqa.selenium.remote.service.DriverCommandExecutor.execute(DriverCommandExecutor.java:174)
      	at org.openqa.selenium.remote.RemoteWebDriver.execute(RemoteWebDriver.java:561)
      	at org.openqa.selenium.remote.RemoteWebDriver.get(RemoteWebDriver.java:329)
      	at com.omrbranch.utility.BaseClass.enterApplnUrl(BaseClass.java:252)
      	at com.omrbranch.hooks.HooksClass.beforeScenario(HooksClass.java:26)
]]></system-out>
  </testcase>
  <testcase name="User enters &quot;prakashkathirvel10@gmail.com&quot; and &quot;HeLLo@202156&quot;" classname="Verify login with invalid credentials" time="0.0">
    <skipped message="This step is skipped"/>
    <system-out><![CDATA[  Given User is on the OMR Branch hotel page                                                                     # com.omrbranch.stepdefinition.TC001_LoginStep.userIsOnTheOMRBranchHotelPage()
]]></system-out>
  </testcase>
  <testcase name="User should verify error message after login &quot;Invalid Login details or Your Password might have expired.&quot;" classname="Verify login with invalid credentials" time="0.0">
    <skipped message="This step is skipped"/>
    <system-out><![CDATA[  When User enters "prakashkathirvel10@gmail.com" and "HeLLo@202156"                                             # com.omrbranch.stepdefinition.TC001_LoginStep.userEntersAnd(java.lang.String,java.lang.String)
]]></system-out>
  </testcase>
  <testcase name="" classname="Verify login with invalid credentials" time="0.494">
    <error message="unknown error: net::ERR_NAME_NOT_RESOLVED&#10;  (Session info: chrome=143.0.7499.170)&#10;Build info: version: &apos;4.39.0&apos;, revision: &apos;126f156aee&apos;&#10;System info: os.name: &apos;Windows 10&apos;, os.arch: &apos;amd64&apos;, os.version: &apos;10.0&apos;, java.version: &apos;21.0.8&apos;&#10;Driver info: org.openqa.selenium.chrome.ChromeDriver&#10;Command: [e38a385510e0c18a36de844500d0500d, get {url=https://uat.omrbranch.com/}]&#10;Capabilities {acceptInsecureCerts: false, browserName: chrome, browserVersion: 143.0.7499.170, chrome: {chromedriverVersion: 143.0.7499.169 (164b20aab62..., userDataDir: C:\Users\Admin\AppData\Loca...}, fedcm:accounts: true, goog:chromeOptions: {debuggerAddress: localhost:59861}, goog:processID: 13820, networkConnectionEnabled: false, pageLoadStrategy: normal, platformName: windows, proxy: Proxy(), se:cdp: ws://localhost:59861/devtoo..., se:cdpVersion: 143.0.7499.170, setWindowRect: true, strictFileInteractability: false, timeouts: {implicit: 0, pageLoad: 300000, script: 30000}, unhandledPromptBehavior: dismiss and notify, webauthn:extension:credBlob: true, webauthn:extension:largeBlob: true, webauthn:extension:minPinLength: true, webauthn:extension:prf: true, webauthn:virtualAuthenticators: true}&#10;Session ID: e38a385510e0c18a36de844500d0500d" type="org.openqa.selenium.WebDriverException"><![CDATA[org.openqa.selenium.WebDriverException: 
unknown error: net::ERR_NAME_NOT_RESOLVED
  (Session info: chrome=143.0.7499.170)
Build info: version: '4.39.0', revision: '126f156aee'
System info: os.name: 'Windows 10', os.arch: 'amd64', os.version: '10.0', java.version: '21.0.8'
Driver info: org.openqa.selenium.chrome.ChromeDriver
Command: [e38a385510e0c18a36de844500d0500d, get {url=https://uat.omrbranch.com/}]
Capabilities {acceptInsecureCerts: false, browserName: chrome, browserVersion: 143.0.7499.170, chrome: {chromedriverVersion: 143.0.7499.169 (164b20aab62..., userDataDir: C:\Users\Admin\AppData\Loca...}, fedcm:accounts: true, goog:chromeOptions: {debuggerAddress: localhost:59861}, goog:processID: 13820, networkConnectionEnabled: false, pageLoadStrategy: normal, platformName: windows, proxy: Proxy(), se:cdp: ws://localhost:59861/devtoo..., se:cdpVersion: 143.0.7499.170, setWindowRect: true, strictFileInteractability: false, timeouts: {implicit: 0, pageLoad: 300000, script: 30000}, unhandledPromptBehavior: dismiss and notify, webauthn:extension:credBlob: true, webauthn:extension:largeBlob: true, webauthn:extension:minPinLength: true, webauthn:extension:prf: true, webauthn:virtualAuthenticators: true}
Session ID: e38a385510e0c18a36de844500d0500d
	at java.base/jdk.internal.reflect.DirectConstructorHandleAccessor.newInstance(DirectConstructorHandleAccessor.java:62)
	at java.base/java.lang.reflect.Constructor.newInstanceWithCaller(Constructor.java:502)
	at java.base/java.lang.reflect.Constructor.newInstance(Constructor.java:486)
	at org.openqa.selenium.remote.ErrorCodec.decode(ErrorCodec.java:167)
	at org.openqa.selenium.remote.codec.w3c.W3CHttpResponseCodec.decode(W3CHttpResponseCodec.java:142)
	at org.openqa.selenium.remote.codec.w3c.W3CHttpResponseCodec.decode(W3CHttpResponseCodec.java:49)
	at org.openqa.selenium.remote.HttpCommandExecutor.execute(HttpCommandExecutor.java:215)
	at org.openqa.selenium.remote.service.DriverCommandExecutor.invokeExecute(DriverCommandExecutor.java:216)
	at org.openqa.selenium.remote.service.DriverCommandExecutor.execute(DriverCommandExecutor.java:174)
	at org.openqa.selenium.remote.RemoteWebDriver.execute(RemoteWebDriver.java:561)
	at org.openqa.selenium.remote.RemoteWebDriver.get(RemoteWebDriver.java:329)
	at com.omrbranch.utility.BaseClass.enterApplnUrl(BaseClass.java:252)
	at com.omrbranch.hooks.HooksClass.beforeScenario(HooksClass.java:26)
]]></error>
    <system-out><![CDATA[  Then User should verify error message after login "Invalid Login details or Your Password might have expired." # com.omrbranch.stepdefinition.TC001_LoginStep.userShouldVerifyErrorMessageAfterLogin(java.lang.String)
17:06:07 ERROR HooksClass - Scenario Failed : Verify login with invalid credentials
17:06:07 INFO  HooksClass - Capturing screenshot

    Embedding screenshot [image/png 16213 bytes]

17:06:07 INFO  HooksClass - Closing browser
17:06:07 INFO  BaseClass - Quitting browser session
17:06:07 INFO  HooksClass - ==============================================
17:06:07 INFO  HooksClass - Scenario Ended : Verify login with invalid credentials
17:06:07 INFO  HooksClass - ==============================================
]]></system-out>
  </testcase>
</testsuite>